Import Assets:: True
Generate QML:: True
Merge QML:: False
Round off coordinates: True
Fast Import:: True
Reading metadata archive
/Users/boyankiovtorov/Downloads/Finbank.qtbridge
Incompatible design system name is changed from Collection 1 to Collection1.
Incompatible theme name is changed from Mode 1 to mode1.
Parsing Component IntroWindow
    QML id "vector" is not compatible in the component "IntroWindow". QML id is changed to "element"
    QML id "vector" is not compatible in the component "IntroWindow". QML id is changed to "element"
    QML id "element" is not unique in the component "IntroWindow". QML id is changed to "element1"
    QML id "mingcute_down_line" is not unique in the component "IntroWindow". QML id is changed to "mingcute_down_line1"
    QML id "group" is not unique in the component "IntroWindow". QML id is changed to "group1"
    QML id "vector" is not compatible in the component "IntroWindow". QML id is changed to "element"
    QML id "element" is not unique in the component "IntroWindow". QML id is changed to "element2"
    QML id "vector" is not compatible in the component "IntroWindow". QML id is changed to "element"
    QML id "element" is not unique in the component "IntroWindow". QML id is changed to "element3"
    QML id "mingcute_down_line" is not unique in the component "IntroWindow". QML id is changed to "mingcute_down_line2"
    QML id "group" is not unique in the component "IntroWindow". QML id is changed to "group2"
    QML id "vector" is not compatible in the component "IntroWindow". QML id is changed to "element"
    QML id "element" is not unique in the component "IntroWindow". QML id is changed to "element4"
    QML id "vector" is not compatible in the component "IntroWindow". QML id is changed to "element"
    QML id "element" is not unique in the component "IntroWindow". QML id is changed to "element5"
    QML id "vector" is not compatible in the component "IntroWindow". QML id is changed to "element"
    QML id "element" is not unique in the component "IntroWindow". QML id is changed to "element6"
    QML id "ellipse_1" is not unique in the component "IntroWindow". QML id is changed to "ellipse_2"
    QML id "ellipse_2" is not unique in the component "IntroWindow". QML id is changed to "ellipse_3"
    QML id "ellipse_2" is not unique in the component "IntroWindow". QML id is changed to "ellipse_4"
    QML id "logo" is not unique in the component "IntroWindow". QML id is changed to "logo1"
Parsing Component SignUpWindow
    QML id "logo" is not unique in the component "SignUpWindow". QML id is changed to "logo1"
    QML id "vector" is not compatible in the component "SignUpWindow". QML id is changed to "element"
    QML id "vector" is not compatible in the component "SignUpWindow". QML id is changed to "element"
    QML id "element" is not unique in the component "SignUpWindow". QML id is changed to "element1"
    QML id "googleFast" is not unique in the component "SignUpWindow". QML id is changed to "googleFast1"
    QML id "rectangle_12" is not unique in the component "SignUpWindow". QML id is changed to "rectangle_15"
    QML id "vector" is not compatible in the component "SignUpWindow". QML id is changed to "element"
    QML id "element" is not unique in the component "SignUpWindow". QML id is changed to "element2"
    QML id "vector" is not compatible in the component "SignUpWindow". QML id is changed to "element"
    QML id "element" is not unique in the component "SignUpWindow". QML id is changed to "element3"
    QML id "vector" is not compatible in the component "SignUpWindow". QML id is changed to "element"
    QML id "element" is not unique in the component "SignUpWindow". QML id is changed to "element4"
    QML id "rectangle_15" is not unique in the component "SignUpWindow". QML id is changed to "rectangle_16"
    QML id "rectangle_16" is not unique in the component "SignUpWindow". QML id is changed to "rectangle_17"
    QML id "rectangle_17" is not unique in the component "SignUpWindow". QML id is changed to "rectangle_19"
    QML id "vector" is not compatible in the component "SignUpWindow". QML id is changed to "element"
    QML id "element" is not unique in the component "SignUpWindow". QML id is changed to "element5"
    QML id "signUpButton" is not unique in the component "SignUpWindow". QML id is changed to "signUpButton1"
    QML id "rectangle_18" is not unique in the component "SignUpWindow". QML id is changed to "rectangle_20"
    QML id "continue" is not compatible in the component "SignUpWindow". QML id is changed to "element"
    QML id "element" is not unique in the component "SignUpWindow". QML id is changed to "element6"
    QML id "formkit_arrowright" is not unique in the component "SignUpWindow". QML id is changed to "formkit_arrowright1"
    QML id "vector" is not compatible in the component "SignUpWindow". QML id is changed to "element"
    QML id "element" is not unique in the component "SignUpWindow". QML id is changed to "element7"
    QML id "vector" is not compatible in the component "SignUpWindow". QML id is changed to "element"
    QML id "element" is not unique in the component "SignUpWindow". QML id is changed to "element8"
Parsing Component LogInWindow
    QML id "vector" is not compatible in the component "LogInWindow". QML id is changed to "element"
    QML id "vector" is not compatible in the component "LogInWindow". QML id is changed to "element"
    QML id "element" is not unique in the component "LogInWindow". QML id is changed to "element1"
    QML id "googleFast" is not unique in the component "LogInWindow". QML id is changed to "googleFast1"
    QML id "rectangle_12" is not unique in the component "LogInWindow". QML id is changed to "rectangle_15"
    QML id "vector" is not compatible in the component "LogInWindow". QML id is changed to "element"
    QML id "element" is not unique in the component "LogInWindow". QML id is changed to "element2"
    QML id "rectangle_15" is not unique in the component "LogInWindow". QML id is changed to "rectangle_16"
    QML id "vector" is not compatible in the component "LogInWindow". QML id is changed to "element"
    QML id "element" is not unique in the component "LogInWindow". QML id is changed to "element3"
    QML id "logo" is not unique in the component "LogInWindow". QML id is changed to "logo1"
    QML id "vector" is not compatible in the component "LogInWindow". QML id is changed to "element"
    QML id "element" is not unique in the component "LogInWindow". QML id is changed to "element4"
    QML id "vector" is not compatible in the component "LogInWindow". QML id is changed to "element"
    QML id "element" is not unique in the component "LogInWindow". QML id is changed to "element5"
Parsing Component SignUpWindow
    QML id "vector" is not compatible in the component "SignUpWindow". QML id is changed to "element"
    QML id "logo" is not unique in the component "SignUpWindow". QML id is changed to "logo1"
    QML id "vector" is not compatible in the component "SignUpWindow". QML id is changed to "element"
    QML id "element" is not unique in the component "SignUpWindow". QML id is changed to "element1"
    QML id "vector" is not compatible in the component "SignUpWindow". QML id is changed to "element"
    QML id "element" is not unique in the component "SignUpWindow". QML id is changed to "element2"
    QML id "passwordGroup" is not unique in the component "SignUpWindow". QML id is changed to "passwordGroup1"
    QML id "vector" is not compatible in the component "SignUpWindow". QML id is changed to "element"
    QML id "element" is not unique in the component "SignUpWindow". QML id is changed to "element3"
    QML id "vector" is not compatible in the component "SignUpWindow". QML id is changed to "element"
    QML id "element" is not unique in the component "SignUpWindow". QML id is changed to "element4"
    QML id "vector" is not compatible in the component "SignUpWindow". QML id is changed to "element"
    QML id "element" is not unique in the component "SignUpWindow". QML id is changed to "element5"
    QML id "vector_Stroke_" is not unique in the component "SignUpWindow". QML id is changed to "vector_Stroke_1"
    QML id "rectangle_17" is not unique in the component "SignUpWindow". QML id is changed to "rectangle_19"
    QML id "signUpButton" is not unique in the component "SignUpWindow". QML id is changed to "signUpButton1"
    QML id "rectangle_18" is not unique in the component "SignUpWindow". QML id is changed to "rectangle_21"
    QML id "sign_up" is not unique in the component "SignUpWindow". QML id is changed to "sign_up1"
    QML id "formkit_arrowright" is not unique in the component "SignUpWindow". QML id is changed to "formkit_arrowright1"
    QML id "vector" is not compatible in the component "SignUpWindow". QML id is changed to "element"
    QML id "element" is not unique in the component "SignUpWindow". QML id is changed to "element6"
    QML id "vector" is not compatible in the component "SignUpWindow". QML id is changed to "element"
    QML id "element" is not unique in the component "SignUpWindow". QML id is changed to "element7"
    QML id "rectangle_19" is not unique in the component "SignUpWindow". QML id is changed to "rectangle_22"
Conflicting component name signUpWindow is replaced with SignUpWindow_1. Update the respective QML id to avoid this warning.
Processing component IntroWindow.ui.qml
Processing component SignUpWindow.ui.qml
    Asset name conflict. File name:'logo1.png' changed to 'logo1_1.png
    /private/var/folders/5v/3cd2qc0x0dsfb8056ngp1hh00000gn/T/QtDesignStudio-IOGUPt/65b8814c-2819-5b29-ac8a-5db6f2a34585.png
Processing component LogInWindow.ui.qml
    Asset name conflict. File name:'logo1.png' changed to 'logo1_2.png
    /private/var/folders/5v/3cd2qc0x0dsfb8056ngp1hh00000gn/T/QtDesignStudio-IOGUPt/0f2bcc19-0474-5087-a19e-fb732ad65703.png
Processing component SignUpWindow_1.ui.qml
    Asset name conflict. File name:'logo1.png' changed to 'logo1_3.png
    /private/var/folders/5v/3cd2qc0x0dsfb8056ngp1hh00000gn/T/QtDesignStudio-IOGUPt/da92ec7c-90fe-5c6f-a03d-09e743002813.png
Writing component IntroWindow.ui.qml
Writing component SignUpWindow.ui.qml
Writing component LogInWindow.ui.qml
Writing component SignUpWindow_1.ui.qml
4 QML files generated
Copied asset: 
/Users/boyankiovtorov/Desktop/Finbank/FinbankContent/Finbank/assets/credit_card_teller_card_debit_card_icon_vector_illustration_8583.png
Copied asset: 
/Users/boyankiovtorov/Desktop/Finbank/FinbankContent/Finbank/assets/logo1_3.png
Copied asset: 
/Users/boyankiovtorov/Desktop/Finbank/FinbankContent/Finbank/assets/logo1_1.png
Copied asset: 
/Users/boyankiovtorov/Desktop/Finbank/FinbankContent/Finbank/assets/original_cd5a84919439aa0a6bea83d82eea7dc8_2.png
Copied asset: 
/Users/boyankiovtorov/Desktop/Finbank/FinbankContent/Finbank/assets/stocks_market_graph_chart_on_laptop_screen_linear_icon_trading_p.png
Copied asset: 
/Users/boyankiovtorov/Desktop/Finbank/FinbankContent/Finbank/assets/original_cd5a84919439aa0a6bea83d82eea7dc8_3.png
Copied asset: 
/Users/boyankiovtorov/Desktop/Finbank/FinbankContent/Finbank/assets/logo1.png
Copied asset: 
/Users/boyankiovtorov/Desktop/Finbank/FinbankContent/Finbank/assets/rectangle_9.png
Copied asset: 
/Users/boyankiovtorov/Desktop/Finbank/FinbankContent/Finbank/assets/original_cd5a84919439aa0a6bea83d82eea7dc8_1.png
Copied asset: 
/Users/boyankiovtorov/Desktop/Finbank/FinbankContent/Finbank/assets/logo1_2.png
Import done.